#
# There is insufficient memory for the Java Runtime Environment to continue.
# Native memory allocation (malloc) failed to allocate 1040736 bytes for Chunk::new
# Possible reasons:
#   The system is out of physical RAM or swap space
#   The process is running with CompressedOops enabled, and the Java Heap may be blocking the growth of the native heap
# Possible solutions:
#   Reduce memory load on the system
#   Increase physical memory or swap space
#   Check if swap backing store is full
#   Decrease Java heap size (-Xmx/-Xms)
#   Decrease number of Java threads
#   Decrease Java thread stack sizes (-Xss)
#   Set larger code cache with -XX:ReservedCodeCacheSize=
#   JVM is running with Unscaled Compressed Oops mode in which the Java heap is
#     placed in the first 4GB address space. The Java Heap base address is the
#     maximum limit for the native heap growth. Please use -XX:HeapBaseMinAddress
#     to set the Java Heap base and to place the Java Heap above 4GB virtual address.
# This output file may be truncated or incomplete.
#
#  Out of Memory Error (allocation.cpp:389), pid=23872, tid=0x0000000000002cd4
#
# JRE version: OpenJDK Runtime Environment (8.0_302-b08) (build 1.8.0_302-b08)
# Java VM: OpenJDK 64-Bit Server VM (25.302-b08 mixed mode windows-amd64 compressed oops)
# Failed to write core dump. Minidumps are not enabled by default on client versions of Windows
#

---------------  T H R E A D  ---------------

Current thread (0x0000013199191800):  JavaThread "C2 CompilerThread1" daemon [_thread_in_native, id=11476, stack(0x0000001612700000,0x0000001612800000)]

Stack: [0x0000001612700000,0x0000001612800000]
[error occurred during error reporting (printing stack bounds), id 0xc0000005]

Native frames: (J=compiled Java code, j=interpreted, Vv=VM code, C=native code)


Current CompileTask:
C2: 130995 6429       4       com.android.tools.r8.ir.conversion.o::a (1153 bytes)


---------------  P R O C E S S  ---------------

Java Threads: ( => current thread )
  0x000001319a18c000 JavaThread "ForkJoinPool-1-worker-0" daemon [_thread_in_Java, id=120, stack(0x0000001612c00000,0x0000001612d00000)]
  0x000001319a18b000 JavaThread "ForkJoinPool-1-worker-1" daemon [_thread_in_Java, id=34416, stack(0x0000001612b00000,0x0000001612c00000)]
  0x000001319920f000 JavaThread "Service Thread" daemon [_thread_blocked, id=20928, stack(0x0000001612900000,0x0000001612a00000)]
  0x0000013199192800 JavaThread "C1 CompilerThread2" daemon [_thread_blocked, id=12116, stack(0x0000001612800000,0x0000001612900000)]
=>0x0000013199191800 JavaThread "C2 CompilerThread1" daemon [_thread_in_native, id=11476, stack(0x0000001612700000,0x0000001612800000)]
  0x000001319918e000 JavaThread "C2 CompilerThread0" daemon [_thread_blocked, id=29060, stack(0x0000001612600000,0x0000001612700000)]
  0x000001319918a800 JavaThread "Attach Listener" daemon [_thread_blocked, id=16224, stack(0x0000001612500000,0x0000001612600000)]
  0x0000013199189800 JavaThread "Signal Dispatcher" daemon [_thread_blocked, id=36328, stack(0x0000001612400000,0x0000001612500000)]
  0x000001319915d000 JavaThread "Finalizer" daemon [_thread_blocked, id=30200, stack(0x0000001612300000,0x0000001612400000)]
  0x0000013199155800 JavaThread "Reference Handler" daemon [_thread_blocked, id=9188, stack(0x0000001612200000,0x0000001612300000)]
  0x0000013184f9d000 JavaThread "main" [_thread_blocked, id=9952, stack(0x0000001611c00000,0x0000001611d00000)]

Other Threads:
  0x0000013198a27800 VMThread [stack: 0x0000001612100000,0x0000001612200000] [id=11916]
  0x00000131991d4800 WatcherThread [stack: 0x0000001612a00000,0x0000001612b00000] [id=37036]

VM state:not at safepoint (normal execution)

VM Mutex/Monitor currently owned by a thread: None

heap address: 0x00000000c0000000, size: 1024 MB, Compressed Oops mode: 32-bit
Narrow klass base: 0x0000000000000000, Narrow klass shift: 3
Compressed class space size: 1073741824 Address: 0x0000000100000000

Heap:
 PSYoungGen      total 233472K, used 181162K [0x00000000eab00000, 0x00000000fb080000, 0x0000000100000000)
  eden space 202240K, 86% used [0x00000000eab00000,0x00000000f55383f8,0x00000000f7080000)
  from space 31232K, 21% used [0x00000000f9200000,0x00000000f98b26d0,0x00000000fb080000)
  to   space 32768K, 0% used [0x00000000f7080000,0x00000000f7080000,0x00000000f9080000)
 ParOldGen       total 120832K, used 77620K [0x00000000c0000000, 0x00000000c7600000, 0x00000000eab00000)
  object space 120832K, 64% used [0x00000000c0000000,0x00000000c4bcd0f0,0x00000000c7600000)
 Metaspace       used 17364K, capacity 18328K, committed 18560K, reserved 1064960K
  class space    used 2141K, capacity 2370K, committed 2432K, reserved 1048576K

Card table byte_map: [0x0000013195bc0000,0x0000013195dd0000] byte_map_base: 0x00000131955c0000

Marking Bits: (ParMarkBitMap*) 0x0000000067bfc820
 Begin Bits: [0x0000013195f30000, 0x0000013196f30000)
 End Bits:   [0x0000013196f30000, 0x0000013197f30000)

Polling page: 0x0000013184ef0000

CodeCache: size=245760Kb used=22578Kb max_used=22980Kb free=223181Kb
 bounds [0x0000013186800000, 0x0000013187e90000, 0x0000013195800000]
 total_blobs=5179 nmethods=4822 adapters=267
 compilation: enabled

Compilation events (10 events):
Event: 129.963 Thread 0x000001319918e000 6430       4       com.android.tools.r8.s.b.T::b (258 bytes)
Event: 130.042 Thread 0x000001319918e000 nmethod 6430 0x00000131873cfd10 code [0x00000131873cff00, 0x00000131873d09d8]
Event: 130.251 Thread 0x000001319918e000 6431       4       com.android.tools.r8.graph.M::<init> (45 bytes)
Event: 130.269 Thread 0x000001319918e000 nmethod 6431 0x0000013187170690 code [0x00000131871707e0, 0x0000013187170c38]
Event: 130.334 Thread 0x0000013199192800 6432       3       com.android.tools.r8.s.a.p.c::equals (11 bytes)
Event: 130.334 Thread 0x0000013199192800 nmethod 6432 0x00000131871d5090 code [0x00000131871d51e0, 0x00000131871d5398]
Event: 130.344 Thread 0x0000013199192800 6433       3       com.android.tools.r8.s.b.l::<init> (81 bytes)
Event: 130.345 Thread 0x0000013199192800 nmethod 6433 0x00000131870f4210 code [0x00000131870f43e0, 0x00000131870f4d10]
Event: 130.655 Thread 0x000001319918e000 6434       4       com.android.tools.r8.s.b.H::a (224 bytes)
Event: 130.706 Thread 0x000001319918e000 nmethod 6434 0x0000013186e9c2d0 code [0x0000013186e9c4a0, 0x0000013186e9d118]

GC Heap History (10 events):
Event: 45.064 GC heap before
{Heap before GC invocations=16 (full 2):
 PSYoungGen      total 169984K, used 134899K [0x00000000eab00000, 0x00000000f9e80000, 0x0000000100000000)
  eden space 132096K, 100% used [0x00000000eab00000,0x00000000f2c00000,0x00000000f2c00000)
  from space 37888K, 7% used [0x00000000f2c00000,0x00000000f2ebcd00,0x00000000f5100000)
  to   space 37888K, 0% used [0x00000000f7980000,0x00000000f7980000,0x00000000f9e80000)
 ParOldGen       total 120832K, used 72020K [0x00000000c0000000, 0x00000000c7600000, 0x00000000eab00000)
  object space 120832K, 59% used [0x00000000c0000000,0x00000000c4655330,0x00000000c7600000)
 Metaspace       used 16984K, capacity 17928K, committed 18304K, reserved 1064960K
  class space    used 2096K, capacity 2330K, committed 2432K, reserved 1048576K
Event: 45.466 GC heap after
Heap after GC invocations=16 (full 2):
 PSYoungGen      total 205312K, used 2548K [0x00000000eab00000, 0x00000000f9b00000, 0x0000000100000000)
  eden space 171008K, 0% used [0x00000000eab00000,0x00000000eab00000,0x00000000f5200000)
  from space 34304K, 7% used [0x00000000f7980000,0x00000000f7bfd2c8,0x00000000f9b00000)
  to   space 37376K, 0% used [0x00000000f5200000,0x00000000f5200000,0x00000000f7680000)
 ParOldGen       total 120832K, used 74152K [0x00000000c0000000, 0x00000000c7600000, 0x00000000eab00000)
  object space 120832K, 61% used [0x00000000c0000000,0x00000000c486a398,0x00000000c7600000)
 Metaspace       used 16984K, capacity 17928K, committed 18304K, reserved 1064960K
  class space    used 2096K, capacity 2330K, committed 2432K, reserved 1048576K
}
Event: 66.876 GC heap before
{Heap before GC invocations=17 (full 2):
 PSYoungGen      total 205312K, used 173556K [0x00000000eab00000, 0x00000000f9b00000, 0x0000000100000000)
  eden space 171008K, 100% used [0x00000000eab00000,0x00000000f5200000,0x00000000f5200000)
  from space 34304K, 7% used [0x00000000f7980000,0x00000000f7bfd2c8,0x00000000f9b00000)
  to   space 37376K, 0% used [0x00000000f5200000,0x00000000f5200000,0x00000000f7680000)
 ParOldGen       total 120832K, used 74152K [0x00000000c0000000, 0x00000000c7600000, 0x00000000eab00000)
  object space 120832K, 61% used [0x00000000c0000000,0x00000000c486a398,0x00000000c7600000)
 Metaspace       used 17258K, capacity 18168K, committed 18304K, reserved 1064960K
  class space    used 2132K, capacity 2366K, committed 2432K, reserved 1048576K
Event: 68.389 GC heap after
Heap after GC invocations=17 (full 2):
 PSYoungGen      total 208384K, used 2464K [0x00000000eab00000, 0x00000000f9b00000, 0x0000000100000000)
  eden space 171008K, 0% used [0x00000000eab00000,0x00000000eab00000,0x00000000f5200000)
  from space 37376K, 6% used [0x00000000f5200000,0x00000000f5468000,0x00000000f7680000)
  to   space 34304K, 0% used [0x00000000f7980000,0x00000000f7980000,0x00000000f9b00000)
 ParOldGen       total 120832K, used 75964K [0x00000000c0000000, 0x00000000c7600000, 0x00000000eab00000)
  object space 120832K, 62% used [0x00000000c0000000,0x00000000c4a2f3f0,0x00000000c7600000)
 Metaspace       used 17258K, capacity 18168K, committed 18304K, reserved 1064960K
  class space    used 2132K, capacity 2366K, committed 2432K, reserved 1048576K
}
Event: 93.713 GC heap before
{Heap before GC invocations=18 (full 2):
 PSYoungGen      total 208384K, used 173472K [0x00000000eab00000, 0x00000000f9b00000, 0x0000000100000000)
  eden space 171008K, 100% used [0x00000000eab00000,0x00000000f5200000,0x00000000f5200000)
  from space 37376K, 6% used [0x00000000f5200000,0x00000000f5468000,0x00000000f7680000)
  to   space 34304K, 0% used [0x00000000f7980000,0x00000000f7980000,0x00000000f9b00000)
 ParOldGen       total 120832K, used 75964K [0x00000000c0000000, 0x00000000c7600000, 0x00000000eab00000)
  object space 120832K, 62% used [0x00000000c0000000,0x00000000c4a2f3f0,0x00000000c7600000)
 Metaspace       used 17316K, capacity 18250K, committed 18560K, reserved 1064960K
  class space    used 2137K, capacity 2367K, committed 2432K, reserved 1048576K
Event: 97.356 GC heap after
Heap after GC invocations=18 (full 2):
 PSYoungGen      total 205312K, used 4208K [0x00000000eab00000, 0x00000000f9b00000, 0x0000000100000000)
  eden space 171008K, 0% used [0x00000000eab00000,0x00000000eab00000,0x00000000f5200000)
  from space 34304K, 12% used [0x00000000f7980000,0x00000000f7d9c010,0x00000000f9b00000)
  to   space 37376K, 0% used [0x00000000f5200000,0x00000000f5200000,0x00000000f7680000)
 ParOldGen       total 120832K, used 75964K [0x00000000c0000000, 0x00000000c7600000, 0x00000000eab00000)
  object space 120832K, 62% used [0x00000000c0000000,0x00000000c4a2f3f0,0x00000000c7600000)
 Metaspace       used 17316K, capacity 18250K, committed 18560K, reserved 1064960K
  class space    used 2137K, capacity 2367K, committed 2432K, reserved 1048576K
}
Event: 113.111 GC heap before
{Heap before GC invocations=19 (full 2):
 PSYoungGen      total 205312K, used 175216K [0x00000000eab00000, 0x00000000f9b00000, 0x0000000100000000)
  eden space 171008K, 100% used [0x00000000eab00000,0x00000000f5200000,0x00000000f5200000)
  from space 34304K, 12% used [0x00000000f7980000,0x00000000f7d9c010,0x00000000f9b00000)
  to   space 37376K, 0% used [0x00000000f5200000,0x00000000f5200000,0x00000000f7680000)
 ParOldGen       total 120832K, used 75964K [0x00000000c0000000, 0x00000000c7600000, 0x00000000eab00000)
  object space 120832K, 62% used [0x00000000c0000000,0x00000000c4a2f3f0,0x00000000c7600000)
 Metaspace       used 17331K, capacity 18254K, committed 18560K, reserved 1064960K
  class space    used 2138K, capacity 2367K, committed 2432K, reserved 1048576K
Event: 113.566 GC heap after
Heap after GC invocations=19 (full 2):
 PSYoungGen      total 208384K, used 4352K [0x00000000eab00000, 0x00000000fb380000, 0x0000000100000000)
  eden space 171008K, 0% used [0x00000000eab00000,0x00000000eab00000,0x00000000f5200000)
  from space 37376K, 11% used [0x00000000f5200000,0x00000000f5640000,0x00000000f7680000)
  to   space 34304K, 0% used [0x00000000f9200000,0x00000000f9200000,0x00000000fb380000)
 ParOldGen       total 120832K, used 77620K [0x00000000c0000000, 0x00000000c7600000, 0x00000000eab00000)
  object space 120832K, 64% used [0x00000000c0000000,0x00000000c4bcd0f0,0x00000000c7600000)
 Metaspace       used 17331K, capacity 18254K, committed 18560K, reserved 1064960K
  class space    used 2138K, capacity 2367K, committed 2432K, reserved 1048576K
}
Event: 122.554 GC heap before
{Heap before GC invocations=20 (full 2):
 PSYoungGen      total 208384K, used 175360K [0x00000000eab00000, 0x00000000fb380000, 0x0000000100000000)
  eden space 171008K, 100% used [0x00000000eab00000,0x00000000f5200000,0x00000000f5200000)
  from space 37376K, 11% used [0x00000000f5200000,0x00000000f5640000,0x00000000f7680000)
  to   space 34304K, 0% used [0x00000000f9200000,0x00000000f9200000,0x00000000fb380000)
 ParOldGen       total 120832K, used 77620K [0x00000000c0000000, 0x00000000c7600000, 0x00000000eab00000)
  object space 120832K, 64% used [0x00000000c0000000,0x00000000c4bcd0f0,0x00000000c7600000)
 Metaspace       used 17353K, capacity 18318K, committed 18560K, reserved 1064960K
  class space    used 2138K, capacity 2367K, committed 2432K, reserved 1048576K
Event: 123.226 GC heap after
Heap after GC invocations=20 (full 2):
 PSYoungGen      total 233472K, used 6857K [0x00000000eab00000, 0x00000000fb080000, 0x0000000100000000)
  eden space 202240K, 0% used [0x00000000eab00000,0x00000000eab00000,0x00000000f7080000)
  from space 31232K, 21% used [0x00000000f9200000,0x00000000f98b26d0,0x00000000fb080000)
  to   space 32768K, 0% used [0x00000000f7080000,0x00000000f7080000,0x00000000f9080000)
 ParOldGen       total 120832K, used 77620K [0x00000000c0000000, 0x00000000c7600000, 0x00000000eab00000)
  object space 120832K, 64% used [0x00000000c0000000,0x00000000c4bcd0f0,0x00000000c7600000)
 Metaspace       used 17353K, capacity 18318K, committed 18560K, reserved 1064960K
  class space    used 2138K, capacity 2367K, committed 2432K, reserved 1048576K
}

Deoptimization events (10 events):
Event: 124.478 Thread 0x000001319a18b000 Uncommon trap: reason=unstable_if action=reinterpret pc=0x0000013187b0c0dc method=com.android.tools.r8.ir.conversion.o.a(Lcom/android/tools/r8/ir/conversion/N;IIZ)V @ 8
Event: 124.480 Thread 0x000001319a18b000 Uncommon trap: reason=unstable_if action=reinterpret pc=0x0000013187d8439c method=com.android.tools.r8.ir.conversion.o.a(Lcom/android/tools/r8/ir/conversion/N;IZ)V @ 3
Event: 124.501 Thread 0x000001319a18b000 Uncommon trap: reason=unstable_if action=reinterpret pc=0x0000013187986910 method=com.android.tools.r8.graph.K.a(IILcom/android/tools/r8/s/b/k0;)V @ 638
Event: 125.603 Thread 0x000001319a18c000 Uncommon trap: reason=class_check action=maybe_recompile pc=0x0000013187c82634 method=com.android.tools.r8.ir.optimize.l.p(Lcom/android/tools/r8/s/b/X;)V @ 985
Event: 127.448 Thread 0x000001319a18c000 Uncommon trap: reason=predicate action=maybe_recompile pc=0x00000131872d15ec method=java.util.TimSort.reverseRange([Ljava/lang/Object;II)V @ 8
Event: 128.144 Thread 0x000001319a18c000 Uncommon trap: reason=unstable_if action=reinterpret pc=0x00000131878895c0 method=com.android.tools.r8.ir.conversion.o.d(I)Lcom/android/tools/r8/s/b/W0; @ 102
Event: 128.172 Thread 0x000001319a18c000 Uncommon trap: reason=unstable_if action=reinterpret pc=0x0000013186db6c38 method=com.android.tools.r8.ir.conversion.K.a(Lcom/android/tools/r8/s/b/X;)V @ 7
Event: 128.173 Thread 0x000001319a18c000 Uncommon trap: reason=unstable_if action=reinterpret pc=0x0000013187e06f88 method=com.android.tools.r8.graph.K.a()Lcom/android/tools/r8/graph/M; @ 53
Event: 128.174 Thread 0x000001319a18c000 Uncommon trap: reason=unstable_if action=reinterpret pc=0x0000013187e09570 method=com.android.tools.r8.graph.G.computeHashCode()I @ 38
Event: 128.181 Thread 0x000001319a18c000 Uncommon trap: reason=unstable_if action=reinterpret pc=0x0000013186bf2a48 method=com.android.tools.r8.ir.conversion.o.d(I)Lcom/android/tools/r8/s/b/W0; @ 102

Classes redefined (0 events):
No events

Internal exceptions (10 events):
Event: 1.676 Thread 0x0000013184f9d000 Implicit null exception at 0x0000013186a7e778 to 0x0000013186a7ec45
Event: 3.188 Thread 0x000001319a18c000 Implicit null exception at 0x0000013186bcc76d to 0x0000013186bcd8c1
Event: 5.825 Thread 0x0000013184f9d000 Exception <a 'java/lang/IncompatibleClassChangeError': Found class java.lang.Object, but interface was expected> (0x00000000eb11ea38) thrown at [J:\jenkins\tmp\workspace\build\src\hotspot\src\share\vm\interpreter\linkResolver.cpp, line 653]
Event: 6.123 Thread 0x000001319a18b000 Implicit null exception at 0x0000013186ca6db0 to 0x0000013186ca6e91
Event: 12.689 Thread 0x000001319a18b000 Exception <a 'java/lang/NoSuchMethodError': java.lang.Object.lambda$comparingInt$7b0bb60$1(Ljava/util/function/ToIntFunction;Ljava/lang/Object;Ljava/lang/Object;)I> (0x00000000f0370600) thrown at [J:\jenkins\tmp\workspace\build\src\hotspot\src\share\vm\in
Event: 12.689 Thread 0x000001319a18c000 Exception <a 'java/lang/NoSuchMethodError': java.lang.Object.lambda$comparingInt$7b0bb60$1(Ljava/util/function/ToIntFunction;Ljava/lang/Object;Ljava/lang/Object;)I> (0x00000000f02c5cf8) thrown at [J:\jenkins\tmp\workspace\build\src\hotspot\src\share\vm\in
Event: 12.694 Thread 0x000001319a18b000 Exception <a 'java/lang/NoSuchMethodError': java.lang.Object.lambda$maxBy$1(Ljava/util/Comparator;Ljava/lang/Object;Ljava/lang/Object;)Ljava/lang/Object;> (0x00000000f037c278) thrown at [J:\jenkins\tmp\workspace\build\src\hotspot\src\share\vm\interpreter\
Event: 12.694 Thread 0x000001319a18c000 Exception <a 'java/lang/NoSuchMethodError': java.lang.Object.lambda$maxBy$1(Ljava/util/Comparator;Ljava/lang/Object;Ljava/lang/Object;)Ljava/lang/Object;> (0x00000000f02d1c68) thrown at [J:\jenkins\tmp\workspace\build\src\hotspot\src\share\vm\interpreter\
Event: 12.841 Thread 0x000001319a18c000 Exception <a 'java/lang/NoSuchMethodError': java.lang.Object.b(Lcom/android/tools/r8/graph/p1$b;)Lcom/android/tools/r8/graph/p1$b;> (0x00000000f04986f8) thrown at [J:\jenkins\tmp\workspace\build\src\hotspot\src\share\vm\interpreter\linkResolver.cpp, line 
Event: 128.174 Thread 0x000001319a18c000 Implicit null exception at 0x0000013187e09057 to 0x0000013187e09555

Events (10 events):
Event: 128.181 Thread 0x000001319a18c000 DEOPT PACKING pc=0x0000013186bf2a48 sp=0x0000001612cfe6e0
Event: 128.181 Thread 0x000001319a18c000 DEOPT UNPACKING pc=0x0000013186845583 sp=0x0000001612cfe6a8 mode 2
Event: 128.418 Thread 0x000001319a18c000 DEOPT PACKING pc=0x0000013187b4ce77 sp=0x0000001612cfe2f0
Event: 128.418 Thread 0x000001319a18c000 DEOPT UNPACKING pc=0x00000131868475d8 sp=0x0000001612cfe228 mode 0
Event: 129.163 Executing VM operation: RevokeBias
Event: 129.177 Executing VM operation: RevokeBias done
Event: 129.544 Thread 0x000001319a18c000 DEOPT PACKING pc=0x00000131877f80f3 sp=0x0000001612cfe0c0
Event: 129.546 Thread 0x000001319a18c000 DEOPT UNPACKING pc=0x00000131868475d8 sp=0x0000001612cfde18 mode 0
Event: 129.778 Thread 0x000001319a18c000 DEOPT PACKING pc=0x0000013187b4cc23 sp=0x0000001612cfe2f0
Event: 129.778 Thread 0x000001319a18c000 DEOPT UNPACKING pc=0x00000131868475d8 sp=0x0000001612cfe230 mode 0


Dynamic libraries:
0x00007ff72c960000 - 0x00007ff72c99a000 	C:\Program Files\Eclipse Foundation\jdk-8.0.302.8-hotspot\bin\java.exe
0x00007ffbba870000 - 0x00007ffbbaa68000 	C:\Windows\SYSTEM32\ntdll.dll
0x00007ffbb9a90000 - 0x00007ffbb9b4f000 	C:\Windows\System32\KERNEL32.DLL
0x00007ffbb8280000 - 0x00007ffbb8552000 	C:\Windows\System32\KERNELBASE.dll
0x00007ffbb8af0000 - 0x00007ffbb8b9e000 	C:\Windows\System32\ADVAPI32.dll
0x00007ffbb9670000 - 0x00007ffbb970e000 	C:\Windows\System32\msvcrt.dll
0x00007ffbb88c0000 - 0x00007ffbb895c000 	C:\Windows\System32\sechost.dll
0x00007ffbb91b0000 - 0x00007ffbb92d5000 	C:\Windows\System32\RPCRT4.dll
0x00007ffbb8ba0000 - 0x00007ffbb8d3d000 	C:\Windows\System32\USER32.dll
0x00007ffbb8220000 - 0x00007ffbb8242000 	C:\Windows\System32\win32u.dll
0x00007ffbb9710000 - 0x00007ffbb973b000 	C:\Windows\System32\GDI32.dll
0x00007ffbb8560000 - 0x00007ffbb866f000 	C:\Windows\System32\gdi32full.dll
0x00007ffbb8670000 - 0x00007ffbb870d000 	C:\Windows\System32\msvcp_win.dll
0x00007ffbb8120000 - 0x00007ffbb8220000 	C:\Windows\System32\ucrtbase.dll
0x00007ffbb7380000 - 0x00007ffbb761a000 	C:\Windows\WinSxS\amd64_microsoft.windows.common-controls_6595b64144ccf1df_6.0.19041.1110_none_60b5254171f9507e\COMCTL32.dll
0x00007ffbb94c0000 - 0x00007ffbb94f2000 	C:\Windows\System32\IMM32.DLL
0x00007ffb73530000 - 0x00007ffb7361f000 	C:\Program Files\Eclipse Foundation\jdk-8.0.302.8-hotspot\jre\bin\msvcr120.dll
0x00007ffb6c6f0000 - 0x00007ffb6c796000 	C:\Program Files\Eclipse Foundation\jdk-8.0.302.8-hotspot\jre\bin\msvcp120.dll
0x0000000067410000 - 0x0000000067c7b000 	C:\Program Files\Eclipse Foundation\jdk-8.0.302.8-hotspot\jre\bin\server\jvm.dll
0x00007ffbb9b50000 - 0x00007ffbb9b58000 	C:\Windows\System32\PSAPI.DLL
0x00007ffba3bd0000 - 0x00007ffba3bf7000 	C:\Windows\SYSTEM32\WINMM.dll
0x00007ffba2f00000 - 0x00007ffba2f09000 	C:\Windows\SYSTEM32\WSOCK32.dll
0x00007ffbafb30000 - 0x00007ffbafb3a000 	C:\Windows\SYSTEM32\VERSION.dll
0x00007ffbba740000 - 0x00007ffbba7ab000 	C:\Windows\System32\WS2_32.dll
0x00007ffbae140000 - 0x00007ffbae14f000 	C:\Program Files\Eclipse Foundation\jdk-8.0.302.8-hotspot\jre\bin\verify.dll
0x00007ffb8ff20000 - 0x00007ffb8ff49000 	C:\Program Files\Eclipse Foundation\jdk-8.0.302.8-hotspot\jre\bin\java.dll
0x00007ffbaddf0000 - 0x00007ffbade06000 	C:\Program Files\Eclipse Foundation\jdk-8.0.302.8-hotspot\jre\bin\zip.dll
0x00007ffbb9ed0000 - 0x00007ffbba613000 	C:\Windows\System32\SHELL32.dll
0x00007ffbb59b0000 - 0x00007ffbb6142000 	C:\Windows\SYSTEM32\windows.storage.dll
0x00007ffbb9b60000 - 0x00007ffbb9eb4000 	C:\Windows\System32\combase.dll
0x00007ffbb72e0000 - 0x00007ffbb7310000 	C:\Windows\SYSTEM32\Wldp.dll
0x00007ffbb9340000 - 0x00007ffbb93ed000 	C:\Windows\System32\SHCORE.dll
0x00007ffbb9a30000 - 0x00007ffbb9a85000 	C:\Windows\System32\shlwapi.dll
0x00007ffbb7eb0000 - 0x00007ffbb7ecf000 	C:\Windows\SYSTEM32\profapi.dll
0x00007ffbadd90000 - 0x00007ffbaddaa000 	C:\Program Files\Eclipse Foundation\jdk-8.0.302.8-hotspot\jre\bin\net.dll
0x00007ffbb7140000 - 0x00007ffbb71aa000 	C:\Windows\system32\mswsock.dll
0x00007ffbadd50000 - 0x00007ffbadd62000 	C:\Program Files\Eclipse Foundation\jdk-8.0.302.8-hotspot\jre\bin\nio.dll

VM Arguments:
jvm_args: -Xmx1G 
java_command: com.android.tools.r8.D8 --debug --min-api 21 --output obj\Debug\110\android\bin\ --lib C:\Program Files (x86)\Android\android-sdk\platforms\android-30\android.jar obj\Debug\110\android\bin\classes.zip C:\Program Files (x86)\Microsoft Visual Studio\2019\Enterprise\Common7\IDE\ReferenceAssemblies\Microsoft\Framework\MonoAndroid\v11.0\mono.android.jar C:\Program Files (x86)\Microsoft Visual Studio\2019\Enterprise\MSBuild\Xamarin\Android\java_runtime_fastdev.jar C:\Program Files (x86)\Microsoft\Xamarin\NuGet\xamarin.google.guava.listenablefuture\1.0.0.2\buildTransitive\monoandroid50\guava-listenablefuture.jar C:\Users\nhiph\.nuget\packages\xamarin.androidx.annotation\1.2.0.1\buildTransitive\monoandroid90\..\..\jar\androidx.annotation.annotation.jar C:\Users\nhiph\.nuget\packages\xamarin.androidx.collection\1.1.0.8\buildTransitive\monoandroid90\..\..\jar\androidx.collection.collection.jar C:\Users\nhiph\.nuget\packages\xamarin.androidx.lifecycle.common\2.3.1.1\buildTransitive\monoandroid90\..\..\jar\androidx.lifecycle.lifecycle-common.jar C:\Users\nhiph\.nuget\packages\xamarin.androidx.arch.core.common\2.1.0.9\buildTransitive\monoandroid90\..\..\jar\androidx.arch.core.core-common.jar C:\Users\nhiph\.nuget\packages\xamarin.androidx.constraintlayout.core\1.0.0\buildTransitive\monoandroid90\..\..\jar\androidx.constraintlayout.constraintlayout-core.jar C:\Users\nhiph\.nuget\packages\xamarin.androidx.concurrent.futures\1.1.0.3\buildTransitive\monoandroid90\..\..\jar\androidx.concurrent.concurrent-futures.jar obj\Debug\110\lp\0\jl\formsviewgroup.jar obj\Debug\110\lp\100\jl\classes.jar obj\Debug\110\lp\101\jl\classes.jar obj\Debug\110\lp\102\jl\classes.jar obj\Debug\110\lp\103\jl\classes.jar obj\Debug\110\lp\105\jl\classes.jar obj\Debug\110\lp\60\jl\classes.jar obj\Debug\110\lp\61\jl\classes.jar obj\Debug\110\lp\62\jl\classes.jar obj\Debug\110\lp\63\jl\classes.jar obj\Debug\110\lp\64\jl\classes.jar obj\Debug\110\lp\65\jl\classes.jar obj\Debug\110\lp\66\jl\classe
java_class_path (initial): C:\Program Files (x86)\Microsoft Visual Studio\2019\Enterprise\MSBuild\Xamarin\Android\r8.jar
Launcher Type: SUN_STANDARD

Environment Variables:
PATH=C:\Program Files\Eclipse Foundation\jdk-8.0.302.8-hotspot\bin;C:\Program Files (x86)\Common Files\Oracle\Java\javapath;C:\Windows\system32;C:\Windows;C:\Windows\System32\Wbem;C:\Windows\System32\WindowsPowerShell\v1.0\;C:\Windows\System32\OpenSSH\;C:\Program Files\nodejs\;C:\Program Files\Git\cmd;C:\MinGW\bin;C:\Program Files\dotnet\;C:\Program Files\Microsoft SQL Server\Client SDK\ODBC\170\Tools\Binn\;C:\Program Files (x86)\Microsoft SQL Server\150\Tools\Binn\;C:\Program Files\Microsoft SQL Server\150\Tools\Binn\;C:\Program Files\Microsoft SQL Server\150\DTS\Binn\;C:\Program Files (x86)\Microsoft SQL Server\150\DTS\Binn\;C:\Program Files\Azure Data Studio\bin;C:\Program Files\Microsoft SQL Server\130\Tools\Binn\;C:\Users\nhiph\AppData\Local\Microsoft\WindowsApps;C:\Users\nhiph\AppData\Local\Programs\Microsoft VS Code\bin;C:\Users\nhiph\AppData\Roaming\npm;C:\Users\nhiph\.dotnet\tools
USERNAME=nhiph
OS=Windows_NT
PROCESSOR_IDENTIFIER=Intel64 Family 6 Model 142 Stepping 11, GenuineIntel



---------------  S Y S T E M  ---------------

OS: Windows 10.0 , 64 bit Build 19041 (10.0.19041.2251)

CPU:total 4 (initial active 4) (2 cores per cpu, 2 threads per core) family 6 model 142 stepping 11, cmov, cx8, fxsr, mmx, sse, sse2, sse3, ssse3, sse4.1, sse4.2, popcnt, avx, avx2, aes, clmul, erms, 3dnowpref, lzcnt, ht, tsc, tscinvbit, bmi1, bmi2, adx

Memory: 4k page, physical 4043576k(16108k free), swap 16626488k(0k free)

vm_info: OpenJDK 64-Bit Server VM (25.302-b08) for windows-amd64 JRE (1.8.0_302-b08), built on Jul 20 2021 21:31:03 by "jenkins" with MS VC++ 12.0 (VS2013)

time: Tue Nov 22 00:34:35 2022
timezone: SE Asia Standard Time
elapsed time: 131.054627 seconds (0d 0h 2m 11s)

